<?xml version="1.0" encoding="UTF-8"?>
<testng-results ignored="0" total="4" passed="4" failed="0" skipped="0">
  <reporter-output>
  </reporter-output>
  <suite started-at="2021-07-26T13:14:26 IST" name="Suite" finished-at="2021-07-26T13:15:12 IST" duration-ms="45799">
    <groups>
    </groups>
    <test started-at="2021-07-26T13:14:26 IST" name="ChromeTest" finished-at="2021-07-26T13:14:54 IST" duration-ms="27383">
      <class name="com.testcase.data.TestClass">
        <test-method is-config="true" signature="setup(java.lang.String)[pri:0, instance:com.testcase.data.TestClass@53ce1329]" started-at="2021-07-26T13:14:26 IST" name="setup" finished-at="2021-07-26T13:14:40 IST" duration-ms="13797" status="PASS">
          <params>
            <param index="0">
              <value>
                <![CDATA[chrome]]>
              </value>
            </param>
          </params>
          <reporter-output>
          </reporter-output>
        </test-method> <!-- setup -->
        <test-method signature="enter_UserDetails(java.lang.String, java.lang.String)[pri:1, instance:com.testcase.data.TestClass@53ce1329]" started-at="2021-07-26T13:14:42 IST" name="enter_UserDetails" data-provider="inputdata" finished-at="2021-07-26T13:14:48 IST" duration-ms="5270" status="PASS">
          <params>
            <param index="0">
              <value>
                <![CDATA[admin]]>
              </value>
            </param>
            <param index="1">
              <value>
                <![CDATA[admin]]>
              </value>
            </param>
          </params>
          <reporter-output>
          </reporter-output>
        </test-method> <!-- enter_UserDetails -->
        <test-method signature="enter_UserDetails(java.lang.String, java.lang.String)[pri:1, instance:com.testcase.data.TestClass@53ce1329]" started-at="2021-07-26T13:14:48 IST" name="enter_UserDetails" data-provider="inputdata" finished-at="2021-07-26T13:14:52 IST" duration-ms="4983" status="PASS">
          <params>
            <param index="0">
              <value>
                <![CDATA[jsmith]]>
              </value>
            </param>
            <param index="1">
              <value>
                <![CDATA[demo1234]]>
              </value>
            </param>
          </params>
          <reporter-output>
          </reporter-output>
        </test-method> <!-- enter_UserDetails -->
        <test-method is-config="true" signature="tearDown()[pri:0, instance:com.testcase.data.TestClass@53ce1329]" started-at="2021-07-26T13:14:53 IST" name="tearDown" finished-at="2021-07-26T13:14:54 IST" duration-ms="1229" status="PASS">
          <reporter-output>
          </reporter-output>
        </test-method> <!-- tearDown -->
      </class> <!-- com.testcase.data.TestClass -->
    </test> <!-- ChromeTest -->
    <test started-at="2021-07-26T13:14:26 IST" name="FirefoxTest" finished-at="2021-07-26T13:15:12 IST" duration-ms="45786">
      <class name="com.testcase.data.TestClass">
        <test-method is-config="true" signature="setup(java.lang.String)[pri:0, instance:com.testcase.data.TestClass@1af2d44a]" started-at="2021-07-26T13:14:26 IST" name="setup" finished-at="2021-07-26T13:14:57 IST" duration-ms="30441" status="PASS">
          <params>
            <param index="0">
              <value>
                <![CDATA[firefox]]>
              </value>
            </param>
          </params>
          <reporter-output>
          </reporter-output>
        </test-method> <!-- setup -->
        <test-method signature="enter_UserDetails(java.lang.String, java.lang.String)[pri:1, instance:com.testcase.data.TestClass@1af2d44a]" started-at="2021-07-26T13:14:57 IST" name="enter_UserDetails" data-provider="inputdata" finished-at="2021-07-26T13:15:02 IST" duration-ms="5303" status="PASS">
          <params>
            <param index="0">
              <value>
                <![CDATA[admin]]>
              </value>
            </param>
            <param index="1">
              <value>
                <![CDATA[admin]]>
              </value>
            </param>
          </params>
          <reporter-output>
          </reporter-output>
        </test-method> <!-- enter_UserDetails -->
        <test-method signature="enter_UserDetails(java.lang.String, java.lang.String)[pri:1, instance:com.testcase.data.TestClass@1af2d44a]" started-at="2021-07-26T13:15:02 IST" name="enter_UserDetails" data-provider="inputdata" finished-at="2021-07-26T13:15:10 IST" duration-ms="8306" status="PASS">
          <params>
            <param index="0">
              <value>
                <![CDATA[jsmith]]>
              </value>
            </param>
            <param index="1">
              <value>
                <![CDATA[demo1234]]>
              </value>
            </param>
          </params>
          <reporter-output>
          </reporter-output>
        </test-method> <!-- enter_UserDetails -->
        <test-method is-config="true" signature="tearDown()[pri:0, instance:com.testcase.data.TestClass@1af2d44a]" started-at="2021-07-26T13:15:10 IST" name="tearDown" finished-at="2021-07-26T13:15:12 IST" duration-ms="1656" status="PASS">
          <reporter-output>
          </reporter-output>
        </test-method> <!-- tearDown -->
      </class> <!-- com.testcase.data.TestClass -->
    </test> <!-- FirefoxTest -->
  </suite> <!-- Suite -->
</testng-results>
